[2025-03-08 21:20:36] User: root, File: Distribution_2025-03-08.xml
[2025-03-08 21:20:36] User: root, File: Manufacturing_2025-03-08.xml
[2025-03-08 21:20:36] User: root, File: Sales_2025-03-08.xml
[2025-03-08 21:20:36] User: root, File: Warehouse_2025-03-08.xml
[2025-03-08 21:24:36] User: root, File: Warehouse_2025-03-08.xml
[2025-03-09 14:40:08] User: root, File: Warehouse_2025-03-09.xml
[2025-03-09 14:41:08] User: root, File: Manufacturing_2025-03-09.xml
[2025-03-09 14:41:08] User: root, File: Sales_2025-03-09.xml
[2025-03-09 14:41:08] User: root, File: Warehouse_2025-03-09.xml
[2025-03-09 14:42:08] User: root, File: Distribution_2025-03-09.xml
[2025-03-09 14:42:08] User: root, File: Manufacturing_2025-03-09.xml
[2025-03-09 14:42:08] User: root, File: Sales_2025-03-09.xml
[2025-03-09 14:42:08] User: root, File: Warehouse_2025-03-09.xml
[2025-03-09 14:43:08] User: root, File: Distribution_2025-03-09.xml
[2025-03-09 14:43:08] User: root, File: Manufacturing_2025-03-09.xml
[2025-03-09 14:43:08] User: root, File: Sales_2025-03-09.xml
[2025-03-09 14:43:08] User: root, File: Warehouse_2025-03-09.xml
[2025-03-09 14:43:53] User: root, File: Distribution_2025-03-09.xml
[2025-03-09 14:43:53] User: root, File: Manufacturing_2025-03-09.xml
[2025-03-09 14:43:53] User: root, File: Sales_2025-03-09.xml
[2025-03-09 14:43:53] User: root, File: Warehouse_2025-03-09.xml
[2025-03-09 14:44:53] User: root, File: Distribution_2025-03-09.xml
[2025-03-09 14:44:53] User: root, File: Manufacturing_2025-03-09.xml
[2025-03-09 14:44:53] User: root, File: Sales_2025-03-09.xml
[2025-03-09 14:44:53] User: root, File: Warehouse_2025-03-09.xml
[2025-03-09 14:45:53] User: root, File: Distribution_2025-03-09.xml
[2025-03-09 14:45:53] User: root, File: Manufacturing_2025-03-09.xml
[2025-03-09 14:45:53] User: root, File: Sales_2025-03-09.xml
[2025-03-09 14:45:53] User: root, File: Warehouse_2025-03-09.xml
[2025-03-09 14:46:53] User: root, File: Distribution_2025-03-09.xml
[2025-03-09 14:46:53] User: root, File: Manufacturing_2025-03-09.xml
[2025-03-09 14:46:53] User: root, File: Sales_2025-03-09.xml
[2025-03-09 14:46:53] User: root, File: Warehouse_2025-03-09.xml
[2025-03-09 14:47:20] User: root, File: Distribution_2025-03-09.xml
[2025-03-09 14:47:20] User: root, File: Manufacturing_2025-03-09.xml
[2025-03-09 14:47:20] User: root, File: Sales_2025-03-09.xml
[2025-03-09 14:47:20] User: root, File: Warehouse_2025-03-09.xml
[2025-03-09 14:48:20] User: root, File: Distribution_2025-03-09.xml
[2025-03-09 14:48:20] User: root, File: Manufacturing_2025-03-09.xml
[2025-03-09 14:48:20] User: root, File: Sales_2025-03-09.xml
[2025-03-09 14:48:20] User: root, File: Warehouse_2025-03-09.xml
[2025-03-09 14:49:20] User: root, File: Distribution_2025-03-09.xml
[2025-03-09 14:49:20] User: root, File: Manufacturing_2025-03-09.xml
[2025-03-09 14:49:20] User: root, File: Sales_2025-03-09.xml
[2025-03-09 14:49:20] User: root, File: Warehouse_2025-03-09.xml
[2025-03-09 14:50:20] User: root, File: Distribution_2025-03-09.xml
[2025-03-09 14:50:20] User: root, File: Manufacturing_2025-03-09.xml
[2025-03-09 14:50:20] User: root, File: Sales_2025-03-09.xml
[2025-03-09 14:50:20] User: root, File: Warehouse_2025-03-09.xml
[2025-03-09 16:14:29] User: root, File: Warehouse_2025-03-09.xml
[2025-03-09 16:15:14] User: root, File: Warehouse_2025-03-09.xml
[2025-03-09 16:15:30] User: root, File: Warehouse_2025-03-09.xml
[2025-03-09 16:16:14] User: root, File: Warehouse_2025-03-09.xml
[2025-03-09 16:53:11] User: root, File: Warehouse2025-03-09.xml
[2025-03-09 16:57:32] User: root, File: test_after_backup.xml
[2025-03-09 17:27:49] User: root, File: Warehouse_2025-03-09.xml
[2025-03-09 17:28:49] User: root, File: Warehouse_2025-03-09.xml
[2025-03-09 17:29:49] User: root, File: Sales_2025-03-09.xml
[2025-03-09 17:32:02] User: root, File: Sales_2025-03-09.xml
[2025-03-09 17:33:12] User: root, File: Warehouse_2025-03-09.xml
[2025-03-09 17:40:27] User: root, File: Sales_2025-03-09.xml
[2025-03-09 17:40:27] User: root, File: Warehouse_2025-03-09.xml
