[2025-03-08 18:03:59] ERROR: Backup operation failed
[2025-03-08 18:21:21] ERROR: Backup operation failed
[2025-03-08 18:22:22] ERROR: Backup operation failed
[2025-03-08 21:25:36] ERROR: Failed to transfer file
[2025-03-08 21:25:36] ERROR: Failed to transfer file
[2025-03-08 21:25:36] ERROR: Failed to transfer file
[2025-03-08 21:25:36] ERROR: Failed to transfer file
[2025-03-08 21:25:36] ERROR: Backup operation failed
[2025-03-09 14:43:53] ERROR: Wait failed: No child processes
[2025-03-09 14:43:53] ERROR: Failed to transfer file
[2025-03-09 14:43:53] ERROR: Wait failed: No child processes
[2025-03-09 14:43:53] ERROR: Failed to transfer file
[2025-03-09 14:43:53] ERROR: Wait failed: No child processes
[2025-03-09 14:43:53] ERROR: Failed to transfer file
[2025-03-09 14:43:53] ERROR: Wait failed: No child processes
[2025-03-09 14:43:53] ERROR: Failed to transfer file
[2025-03-09 14:43:53] ERROR: Wait failed: No child processes
[2025-03-09 14:43:53] ERROR: Failed to transfer file
[2025-03-09 14:43:53] ERROR: Wait failed: No child processes
[2025-03-09 14:43:53] ERROR: Failed to transfer file
[2025-03-09 14:43:53] ERROR: Wait failed: No child processes
[2025-03-09 14:43:53] ERROR: Failed to transfer file
[2025-03-09 14:43:53] ERROR: Wait failed: No child processes
[2025-03-09 14:43:53] ERROR: Failed to create backup directory
[2025-03-09 14:47:20] ERROR: Wait failed: No child processes
[2025-03-09 14:47:20] ERROR: Failed to transfer file
[2025-03-09 14:47:20] ERROR: Wait failed: No child processes
[2025-03-09 14:47:20] ERROR: Failed to transfer file
[2025-03-09 14:47:20] ERROR: Wait failed: No child processes
[2025-03-09 14:47:20] ERROR: Failed to transfer file
[2025-03-09 14:47:20] ERROR: Wait failed: No child processes
[2025-03-09 14:47:20] ERROR: Failed to transfer file
[2025-03-09 14:47:20] ERROR: Wait failed: No child processes
[2025-03-09 14:47:20] ERROR: Failed to transfer file
[2025-03-09 14:47:20] ERROR: Wait failed: No child processes
[2025-03-09 14:47:20] ERROR: Failed to transfer file
[2025-03-09 14:47:20] ERROR: Wait failed: No child processes
[2025-03-09 14:47:20] ERROR: Failed to transfer file
[2025-03-09 14:47:20] ERROR: Wait failed: No child processes
[2025-03-09 14:47:20] ERROR: Failed to create backup directory
[2025-03-09 23:30:22] ERROR: Missing report from Warehouse department
[2025-03-09 23:30:22] ERROR: Missing report from Manufacturing department
[2025-03-09 23:30:22] ERROR: Missing report from Sales department
[2025-03-09 23:30:22] ERROR: Missing report from Distribution department
